2015/05/06 18:50:09 [error] [exception.CHttpException.404] exception 'CHttpException' with message 'Unable to resolve the request "gii".' in /var/www/html/yii/framework/web/CWebApplication.php:286
Stack trace:
#0 /var/www/html/yii/framework/web/CWebApplication.php(141): CWebApplication->runController('gii')
#1 /var/www/html/yii/framework/base/CApplication.php(180): CWebApplication->processRequest()
#2 /var/www/html/movies/index.php(13): CApplication->run()
#3 {main}
REQUEST_URI=/index.php?r=gii
---
2015/05/06 19:12:14 [error] [exception.CHttpException.404] exception 'CHttpException' with message 'The system is unable to find the requested action "create".' in /var/www/html/yii/framework/web/CController.php:483
Stack trace:
#0 /var/www/html/yii/framework/web/CController.php(270): CController->missingAction('create')
#1 /var/www/html/yii/framework/web/CWebApplication.php(282): CController->run('create')
#2 /var/www/html/yii/framework/web/CWebApplication.php(141): CWebApplication->runController('user/create')
#3 /var/www/html/yii/framework/base/CApplication.php(180): CWebApplication->processRequest()
#4 /var/www/html/movies/index.php(13): CApplication->run()
#5 {main}
REQUEST_URI=/index.php?r=user/create
---
2015/05/06 19:13:14 [error] [exception.CHttpException.404] exception 'CHttpException' with message 'The system is unable to find the requested action "create".' in /var/www/html/yii/framework/web/CController.php:483
Stack trace:
#0 /var/www/html/yii/framework/web/CController.php(270): CController->missingAction('create')
#1 /var/www/html/yii/framework/web/CWebApplication.php(282): CController->run('create')
#2 /var/www/html/yii/framework/web/CWebApplication.php(141): CWebApplication->runController('user/create')
#3 /var/www/html/yii/framework/base/CApplication.php(180): CWebApplication->processRequest()
#4 /var/www/html/movies/index.php(13): CApplication->run()
#5 {main}
REQUEST_URI=/index.php/user/create
---
2015/05/06 19:14:21 [error] [exception.CHttpException.404] exception 'CHttpException' with message 'The system is unable to find the requested action "user".' in /var/www/html/yii/framework/web/CController.php:483
Stack trace:
#0 /var/www/html/yii/framework/web/CController.php(270): CController->missingAction('user')
#1 /var/www/html/yii/framework/web/CWebApplication.php(282): CController->run('user')
#2 /var/www/html/yii/framework/web/CWebApplication.php(141): CWebApplication->runController('user/user')
#3 /var/www/html/yii/framework/base/CApplication.php(180): CWebApplication->processRequest()
#4 /var/www/html/movies/index.php(13): CApplication->run()
#5 {main}
REQUEST_URI=/index.php/user/user/
---
2015/05/06 19:14:24 [error] [exception.CHttpException.404] exception 'CHttpException' with message 'The system is unable to find the requested action "user".' in /var/www/html/yii/framework/web/CController.php:483
Stack trace:
#0 /var/www/html/yii/framework/web/CController.php(270): CController->missingAction('user')
#1 /var/www/html/yii/framework/web/CWebApplication.php(282): CController->run('user')
#2 /var/www/html/yii/framework/web/CWebApplication.php(141): CWebApplication->runController('user/user/creat...')
#3 /var/www/html/yii/framework/base/CApplication.php(180): CWebApplication->processRequest()
#4 /var/www/html/movies/index.php(13): CApplication->run()
#5 {main}
REQUEST_URI=/index.php/user/user/create
---
2015/05/06 19:30:10 [error] [php] Invalid argument supplied for foreach() (/var/www/html/yii/framework/web/CUrlManager.php:225)
Stack trace:
#0 /var/www/html/yii/framework/base/CApplication.php(522): CWebApplication->getComponent()
#1 /var/www/html/yii/framework/web/CWebApplication.php(140): CWebApplication->getUrlManager()
#2 /var/www/html/yii/framework/base/CApplication.php(180): CWebApplication->processRequest()
#3 /var/www/html/movies/index.php(13): CWebApplication->run()
REQUEST_URI=/index.php/site/login
in /var/www/html/movies/index.php (13)
2015/05/06 19:30:21 [error] [php] Invalid argument supplied for foreach() (/var/www/html/yii/framework/web/CUrlManager.php:225)
Stack trace:
#0 /var/www/html/yii/framework/base/CApplication.php(522): CWebApplication->getComponent()
#1 /var/www/html/yii/framework/web/CWebApplication.php(140): CWebApplication->getUrlManager()
#2 /var/www/html/yii/framework/base/CApplication.php(180): CWebApplication->processRequest()
#3 /var/www/html/movies/index.php(13): CWebApplication->run()
REQUEST_URI=/index.php/
in /var/www/html/movies/index.php (13)
2015/05/06 19:30:54 [error] [php] Invalid argument supplied for foreach() (/var/www/html/yii/framework/web/CUrlManager.php:225)
Stack trace:
#0 /var/www/html/yii/framework/base/CApplication.php(522): CWebApplication->getComponent()
#1 /var/www/html/yii/framework/web/CWebApplication.php(140): CWebApplication->getUrlManager()
#2 /var/www/html/yii/framework/base/CApplication.php(180): CWebApplication->processRequest()
#3 /var/www/html/movies/index.php(13): CWebApplication->run()
REQUEST_URI=/index.php/site/login
in /var/www/html/movies/index.php (13)
2015/05/06 19:30:56 [error] [php] Invalid argument supplied for foreach() (/var/www/html/yii/framework/web/CUrlManager.php:225)
Stack trace:
#0 /var/www/html/yii/framework/base/CApplication.php(522): CWebApplication->getComponent()
#1 /var/www/html/yii/framework/web/CWebApplication.php(140): CWebApplication->getUrlManager()
#2 /var/www/html/yii/framework/base/CApplication.php(180): CWebApplication->processRequest()
#3 /var/www/html/movies/index.php(13): CWebApplication->run()
REQUEST_URI=/index.php/site/login
in /var/www/html/movies/index.php (13)
2015/05/06 19:31:43 [error] [php] Invalid argument supplied for foreach() (/var/www/html/yii/framework/web/CUrlManager.php:225)
Stack trace:
#0 /var/www/html/yii/framework/base/CApplication.php(522): CWebApplication->getComponent()
#1 /var/www/html/yii/framework/web/CWebApplication.php(140): CWebApplication->getUrlManager()
#2 /var/www/html/yii/framework/base/CApplication.php(180): CWebApplication->processRequest()
#3 /var/www/html/movies/index.php(13): CWebApplication->run()
REQUEST_URI=/index.php/site/login
in /var/www/html/movies/index.php (13)
2015/05/06 19:31:45 [error] [php] Invalid argument supplied for foreach() (/var/www/html/yii/framework/web/CUrlManager.php:225)
Stack trace:
#0 /var/www/html/yii/framework/base/CApplication.php(522): CWebApplication->getComponent()
#1 /var/www/html/yii/framework/web/CWebApplication.php(140): CWebApplication->getUrlManager()
#2 /var/www/html/yii/framework/base/CApplication.php(180): CWebApplication->processRequest()
#3 /var/www/html/movies/index.php(13): CWebApplication->run()
REQUEST_URI=/index.php/site/login
in /var/www/html/movies/index.php (13)
2015/05/06 19:31:46 [error] [php] Invalid argument supplied for foreach() (/var/www/html/yii/framework/web/CUrlManager.php:225)
Stack trace:
#0 /var/www/html/yii/framework/base/CApplication.php(522): CWebApplication->getComponent()
#1 /var/www/html/yii/framework/web/CWebApplication.php(140): CWebApplication->getUrlManager()
#2 /var/www/html/yii/framework/base/CApplication.php(180): CWebApplication->processRequest()
#3 /var/www/html/movies/index.php(13): CWebApplication->run()
REQUEST_URI=/index.php/site/login
in /var/www/html/movies/index.php (13)
2015/05/06 19:31:49 [error] [php] Invalid argument supplied for foreach() (/var/www/html/yii/framework/web/CUrlManager.php:225)
Stack trace:
#0 /var/www/html/yii/framework/base/CApplication.php(522): CWebApplication->getComponent()
#1 /var/www/html/yii/framework/web/CWebApplication.php(140): CWebApplication->getUrlManager()
#2 /var/www/html/yii/framework/base/CApplication.php(180): CWebApplication->processRequest()
#3 /var/www/html/movies/index.php(13): CWebApplication->run()
REQUEST_URI=/index.php/
in /var/www/html/movies/index.php (13)
2015/05/06 19:32:27 [error] [php] Invalid argument supplied for foreach() (/var/www/html/yii/framework/web/CUrlManager.php:225)
Stack trace:
#0 /var/www/html/yii/framework/base/CApplication.php(522): CWebApplication->getComponent()
#1 /var/www/html/yii/framework/web/CWebApplication.php(140): CWebApplication->getUrlManager()
#2 /var/www/html/yii/framework/base/CApplication.php(180): CWebApplication->processRequest()
#3 /var/www/html/movies/index.php(13): CWebApplication->run()
REQUEST_URI=/index.php/
in /var/www/html/movies/index.php (13)
2015/05/06 19:32:28 [error] [php] Invalid argument supplied for foreach() (/var/www/html/yii/framework/web/CUrlManager.php:225)
Stack trace:
#0 /var/www/html/yii/framework/base/CApplication.php(522): CWebApplication->getComponent()
#1 /var/www/html/yii/framework/web/CWebApplication.php(140): CWebApplication->getUrlManager()
#2 /var/www/html/yii/framework/base/CApplication.php(180): CWebApplication->processRequest()
#3 /var/www/html/movies/index.php(13): CWebApplication->run()
REQUEST_URI=/index.php/
in /var/www/html/movies/index.php (13)
2015/05/06 19:33:17 [error] [php] Invalid argument supplied for foreach() (/var/www/html/yii/framework/web/CUrlManager.php:225)
Stack trace:
#0 /var/www/html/yii/framework/base/CApplication.php(522): CWebApplication->getComponent()
#1 /var/www/html/yii/framework/web/CWebApplication.php(140): CWebApplication->getUrlManager()
#2 /var/www/html/yii/framework/base/CApplication.php(180): CWebApplication->processRequest()
#3 /var/www/html/movies/index.php(13): CWebApplication->run()
REQUEST_URI=/index.php/
in /var/www/html/movies/index.php (13)
2015/05/06 19:33:25 [error] [php] Invalid argument supplied for foreach() (/var/www/html/yii/framework/web/CUrlManager.php:225)
Stack trace:
#0 /var/www/html/yii/framework/base/CApplication.php(522): CWebApplication->getComponent()
#1 /var/www/html/yii/framework/web/CWebApplication.php(140): CWebApplication->getUrlManager()
#2 /var/www/html/yii/framework/base/CApplication.php(180): CWebApplication->processRequest()
#3 /var/www/html/movies/index.php(13): CWebApplication->run()
REQUEST_URI=/index.php/
in /var/www/html/movies/index.php (13)
